<?xml version="1.0" encoding="UTF-8"?>
<testsuite xmlns:xsi="http://www.w3.org/2001/XMLSchema-instance" xsi:noNamespaceSchemaLocation="https://maven.apache.org/surefire/maven-surefire-plugin/xsd/surefire-test-report.xsd" name="com.spring.mockito.api.SpringBootMockitoApplicationTests" time="7.917" tests="4" errors="0" skipped="0" failures="0">
  <properties>
[...]
</properties>
  <testcase name="getUserbyAddressTest" classname="com.spring.mockito.api.SpringBootMockitoApplicationTests" time="0.042"/>
  <testcase name="saveUserTest" classname="com.spring.mockito.api.SpringBootMockitoApplicationTests" time="0.002"/>
  <testcase name="getUsersTest" classname="com.spring.mockito.api.SpringBootMockitoApplicationTests" time="0.003"/>
  <testcase name="deleteUserTest" classname="com.spring.mockito.api.SpringBootMockitoApplicationTests" time="0.013"/>
</testsuite>